<?xml version="1.0" encoding="UTF-8"?>
<!-- Generated by org.testng.reporters.JUnitReportReporter -->
<testsuite hostname="LAPTOP-0OQSTN0H" name="com.test.Data_Resp" tests="5" failures="0" timestamp="21 Aug 2018 12:54:59 GMT" time="0.018" errors="0">
  <testcase name="Test_Case" time="0.002" classname="com.test.Data_Resp"/>
  <testcase name="Test_Case" time="0.001" classname="com.test.Data_Resp"/>
  <testcase name="Test_Case" time="0.003" classname="com.test.Data_Resp"/>
  <testcase name="Test_Case" time="0.010" classname="com.test.Data_Resp"/>
  <testcase name="Test_Case" time="0.002" classname="com.test.Data_Resp"/>
</testsuite> <!-- com.test.Data_Resp -->
